<?xml version="1.0" encoding="UTF-8"?>
<testng-results ignored="0" total="2" passed="2" failed="0" skipped="0">
  <reporter-output>
  </reporter-output>
  <suite started-at="2023-06-24T20:26:47 IST" name="Suite" finished-at="2023-06-24T20:26:59 IST" duration-ms="11998">
    <groups>
    </groups>
    <test started-at="2023-06-24T20:26:47 IST" name="Test" finished-at="2023-06-24T20:26:59 IST" duration-ms="11998">
      <class name="testcases.LoginTest">
        <test-method is-config="true" signature="setupBrowser()[pri:0, instance:testcases.LoginTest@37654521]" started-at="2023-06-24T20:26:47 IST" name="setupBrowser" finished-at="2023-06-24T20:26:54 IST" duration-ms="6430" status="PASS">
          <reporter-output>
          </reporter-output>
        </test-method> <!-- setupBrowser -->
        <test-method signature="loginToApplication(java.lang.String,java.lang.String)[pri:0, instance:testcases.LoginTest@37654521]" started-at="2023-06-24T20:26:54 IST" name="loginToApplication" data-provider="loginDetails" finished-at="2023-06-24T20:26:54 IST" duration-ms="468" status="PASS">
          <params>
            <param index="0">
              <value>
                <![CDATA[standard_user]]>
              </value>
            </param>
            <param index="1">
              <value>
                <![CDATA[secret_sauce]]>
              </value>
            </param>
          </params>
          <reporter-output>
          </reporter-output>
        </test-method> <!-- loginToApplication -->
        <test-method is-config="true" signature="closeBrowser()[pri:0, instance:testcases.LoginTest@37654521]" started-at="2023-06-24T20:26:54 IST" name="closeBrowser" finished-at="2023-06-24T20:26:55 IST" duration-ms="686" status="PASS">
          <reporter-output>
          </reporter-output>
        </test-method> <!-- closeBrowser -->
        <test-method is-config="true" signature="setupBrowser()[pri:0, instance:testcases.LoginTest@37654521]" started-at="2023-06-24T20:26:55 IST" name="setupBrowser" finished-at="2023-06-24T20:26:57 IST" duration-ms="2586" status="PASS">
          <reporter-output>
          </reporter-output>
        </test-method> <!-- setupBrowser -->
        <test-method signature="loginToApplication(java.lang.String,java.lang.String)[pri:0, instance:testcases.LoginTest@37654521]" started-at="2023-06-24T20:26:57 IST" name="loginToApplication" data-provider="loginDetails" finished-at="2023-06-24T20:26:58 IST" duration-ms="323" status="PASS">
          <params>
            <param index="0">
              <value>
                <![CDATA[admin@admin.com]]>
              </value>
            </param>
            <param index="1">
              <value>
                <![CDATA[admin]]>
              </value>
            </param>
          </params>
          <reporter-output>
          </reporter-output>
        </test-method> <!-- loginToApplication -->
        <test-method is-config="true" signature="closeBrowser()[pri:0, instance:testcases.LoginTest@37654521]" started-at="2023-06-24T20:26:58 IST" name="closeBrowser" finished-at="2023-06-24T20:26:59 IST" duration-ms="710" status="PASS">
          <reporter-output>
          </reporter-output>
        </test-method> <!-- closeBrowser -->
      </class> <!-- testcases.LoginTest -->
    </test> <!-- Test -->
  </suite> <!-- Suite -->
</testng-results>
